<component name="libraryTable">
  <library name="junit-4.12">
    <CLASSES>
      <root url="jar://$PROJECT_DIR$/../SSR_InventoryJars/junit-4.12.jar!/" />
      <root url="jar://$PROJECT_DIR$/../SSR_InventoryJars/poi-3.14-20160307.jar!/" />
      <root url="jar://$PROJECT_DIR$/../SSR_InventoryJars/poi-excelant-3.14-20160307.jar!/" />
      <root url="jar://$PROJECT_DIR$/../SSR_InventoryJars/poi-ooxml-3.14-20160307.jar!/" />
      <root url="jar://$PROJECT_DIR$/../SSR_InventoryJars/poi-scratchpad-3.14-20160307.jar!/" />
      <root url="jar://$PROJECT_DIR$/../SSR_InventoryJars/xmlbeans-2.6.0.jar!/" />
      <root url="jar://$PROJECT_DIR$/../SSR_InventoryJars/sqljdbc_6.0/enu/sqljdbc42.jar!/" />
      <root url="jar://$PROJECT_DIR$/../SSR_InventoryJars/sqljdbc_6.0/enu/sqljdbc41.jar!/" />
      <root url="jar://$PROJECT_DIR$/../SSR_InventoryJars/sqljdbc_6.0/enu/sqljdbc4.jar!/" />
      <root url="jar://$PROJECT_DIR$/../SSR_InventoryJars/sqljdbc_6.0/enu/sqljdbc.jar!/" />
    </CLASSES>
    <JAVADOC />
    <NATIVE>
      <root url="file://$PROJECT_DIR$/../SSR_InventoryJars/sqljdbc_6.0/enu/auth/x64" />
    </NATIVE>
    <SOURCES />
  </library>
</component>